<?xml version="1.0" encoding="UTF-8"?>
<beans xmlns="http://www.springframework.org/schema/beans"
       xmlns:xsi="http://www.w3.org/2001/XMLSchema-instance"
       xmlns:context="http://www.springframework.org/schema/context"
       xmlns:util="http://www.springframework.org/schema/util"
       xmlns:p="http://www.springframework.org/schema/p"

       xsi:schemaLocation="http://www.springframework.org/schema/beans http://www.springframework.org/schema/beans/spring-beans-3.0.xsd
          http://www.springframework.org/schema/context http://www.springframework.org/schema/context/spring-context-3.0.xsd
          http://www.springframework.org/schema/util http://www.springframework.org/schema/util/spring-util-3.0.xsd
">

    <context:property-placeholder location="classpath:test.properties" />

    <bean id="dataSource" class="org.springframework.jdbc.datasource.DriverManagerDataSource">
        <property name="driverClassName" value="${db.driver}" />
        <property name="url" value="${db.url}" />
        <property name="username" value="${db.username}" />
        <property name="password" value="${db.password}" />
    </bean>

    <bean id="dictionarysDAO" class="pl.com.softproject.utils.commons.dictionary.dao.DictionarysDAOJdbcImpl">
        <property name="dataSource" ref="dataSource"/>
    </bean>
    
    <bean id="administrativeDivisionDAO" class="pl.com.softproject.utils.commons.dictionary.dao.AdministrativeDivisionDAOJdbcImpl">
        <property name="dataSource" ref="dataSource"/>
    </bean>

</beans>
